[debug] [2020-12-16T23:45:47.674Z] ----------------------------------------------------------------------
[debug] [2020-12-16T23:45:47.677Z] Command:       C:\Program Files\nodejs\node.exe C:\Users\Michael\AppData\Roaming\npm\node_modules\firebase-tools\lib\bin\firebase.js emulators:start
[debug] [2020-12-16T23:45:47.678Z] CLI Version:   8.18.0
[debug] [2020-12-16T23:45:47.678Z] Platform:      win32
[debug] [2020-12-16T23:45:47.678Z] Node Version:  v12.16.1
[debug] [2020-12-16T23:45:47.680Z] Time:          Wed Dec 16 2020 17:45:47 GMT-0600 (Central Standard Time)
[debug] [2020-12-16T23:45:47.680Z] ----------------------------------------------------------------------
[debug] [2020-12-16T23:45:47.680Z] 
[debug] [2020-12-16T23:45:47.708Z] > command requires scopes: ["email","openid","https://www.googleapis.com/auth/cloudplatformprojects.readonly","https://www.googleapis.com/auth/firebase","https://www.googleapis.com/auth/cloud-platform"]
[debug] [2020-12-16T23:45:47.709Z] > authorizing via signed-in user
[info] i  emulators: Starting emulators: functions, hosting {"metadata":{"emulator":{"name":"hub"},"message":"Starting emulators: functions, hosting"}}
[debug] [2020-12-16T23:45:49.845Z] [hub] writing locator at C:\Users\Michael\AppData\Local\Temp\hub-challenge-719b6.json
[warn] !  functions: The following emulators are not running, calls to these services from the Functions emulator will affect production: auth, firestore, database, pubsub {"metadata":{"emulator":{"name":"functions"},"message":"The following emulators are not running, calls to these services from the Functions emulator will affect production: \u001b[1mauth, firestore, database, pubsub\u001b[22m"}}
[info] +  functions: Using node@12 from host. {"metadata":{"emulator":{"name":"functions"},"message":"Using node@12 from host."}}
[debug] [2020-12-16T23:45:51.955Z] defaultcredentials: writing to file C:\Users\Michael\AppData\Roaming\firebase\cerv5291_gmail_com_application_default_credentials.json
[debug] [2020-12-16T23:45:51.958Z] Setting GAC to C:\Users\Michael\AppData\Roaming\firebase\cerv5291_gmail_com_application_default_credentials.json {"metadata":{"emulator":{"name":"functions"},"message":"Setting GAC to C:\\Users\\Michael\\AppData\\Roaming\\firebase\\cerv5291_gmail_com_application_default_credentials.json"}}
[debug] [2020-12-16T23:45:54.041Z] >>> HTTP REQUEST GET https://firebase.googleapis.com/v1beta1/projects/challenge-719b6/webApps/-/config  
 
[debug] [2020-12-16T23:45:54.607Z] <<< HTTP RESPONSE 200 {"content-type":"application/json; charset=UTF-8","vary":"X-Origin, Referer, Origin,Accept-Encoding","date":"Wed, 16 Dec 2020 23:45:54 GMT","server":"ESF","cache-control":"private","x-xss-protection":"0","x-frame-options":"SAMEORIGIN","x-content-type-options":"nosniff","alt-svc":"h3-29=\":443\"; ma=2592000,h3-T051=\":443\"; ma=2592000,h3-Q050=\":443\"; ma=2592000,h3-Q046=\":443\"; ma=2592000,h3-Q043=\":443\"; ma=2592000,quic=\":443\"; ma=2592000; v=\"46,43\"","accept-ranges":"none","transfer-encoding":"chunked"}
[info] i  hosting: Serving hosting files from: build {"metadata":{"emulator":{"name":"hosting"},"message":"Serving hosting files from: \u001b[1mbuild\u001b[22m"}}
[info] +  hosting: Local server: http://localhost:5000 {"metadata":{"emulator":{"name":"hosting"},"message":"Local server: \u001b[4m\u001b[1mhttp://localhost:5000\u001b[22m\u001b[24m"}}
[info] i  ui: downloading ui-v1.3.0.zip... {"metadata":{"emulator":{"name":"ui"},"message":"downloading ui-v1.3.0.zip..."}}
[debug] [2020-12-16T23:45:58.809Z] >>> [apiv2][query] GET https://storage.googleapis.com/firebase-preview-drop/emulator/ui-v1.3.0.zip [none]
[debug] [2020-12-16T23:45:59.085Z] <<< [apiv2][status] GET https://storage.googleapis.com/firebase-preview-drop/emulator/ui-v1.3.0.zip 200
[debug] [2020-12-16T23:45:59.086Z] <<< [apiv2][body] GET https://storage.googleapis.com/firebase-preview-drop/emulator/ui-v1.3.0.zip [stream]
[info] i  ui: Removing outdated emulator files: ui-v1.1.1 {"metadata":{"emulator":{"name":"ui"},"message":"Removing outdated emulator files: ui-v1.1.1"}}
[info] i  ui: Removing outdated emulator files: ui-v1.1.1.zip {"metadata":{"emulator":{"name":"ui"},"message":"Removing outdated emulator files: ui-v1.1.1.zip"}}
[debug] [2020-12-16T23:46:00.409Z] Ignoring unsupported arg: auto_download {"metadata":{"emulator":{"name":"ui"},"message":"Ignoring unsupported arg: auto_download"}}
[debug] [2020-12-16T23:46:00.409Z] Ignoring unsupported arg: port {"metadata":{"emulator":{"name":"ui"},"message":"Ignoring unsupported arg: port"}}
[debug] [2020-12-16T23:46:00.409Z] Starting Emulator UI with command {"binary":"node","args":["C:\\Users\\Michael\\.cache\\firebase\\emulators\\ui-v1.3.0\\server.bundle.js"],"optionalArgs":[],"joinArgs":false} {"metadata":{"emulator":{"name":"ui"},"message":"Starting Emulator UI with command {\"binary\":\"node\",\"args\":[\"C:\\\\Users\\\\Michael\\\\.cache\\\\firebase\\\\emulators\\\\ui-v1.3.0\\\\server.bundle.js\"],\"optionalArgs\":[],\"joinArgs\":false}"}}
[info] i  ui: Emulator UI logging to ui-debug.log {"metadata":{"emulator":{"name":"ui"},"message":"Emulator UI logging to \u001b[1mui-debug.log\u001b[22m"}}
[debug] [2020-12-16T23:46:00.756Z] Web / API server started at http://localhost:4000
 {"metadata":{"emulator":{"name":"ui"},"message":"Web / API server started at http://localhost:4000\n"}}
[info] i  functions: Watching "C:\Users\Michael\git\MERNReview\amazon-clone\functions" for Cloud Functions... {"metadata":{"emulator":{"name":"functions"},"message":"Watching \"C:\\Users\\Michael\\git\\MERNReview\\amazon-clone\\functions\" for Cloud Functions..."}}
[debug] [2020-12-16T23:46:00.983Z] [worker-pool] addWorker(~diagnostic~) {"metadata":{"emulator":{"name":"functions"},"message":"[worker-pool] addWorker(~diagnostic~)"}}
[debug] [2020-12-16T23:46:00.984Z] [worker-pool] Adding worker with key ~diagnostic~, total=1 {"metadata":{"emulator":{"name":"functions"},"message":"[worker-pool] Adding worker with key ~diagnostic~, total=1"}}
[debug] [2020-12-16T23:46:00.984Z] [worker-pool] submitWork(triggerId=) {"metadata":{"emulator":{"name":"functions"},"message":"[worker-pool] submitWork(triggerId=)"}}
[debug] [2020-12-16T23:46:00.985Z] [worker-~diagnostic~-d5f1bb88-91a7-4911-84c6-c8236913ab37]: Assigning socketPath: \\?\pipe\C:\Users\Michael\git\MERNReview\amazon-clone\functions\13044 {"metadata":{"emulator":{"name":"functions"},"message":"[worker-~diagnostic~-d5f1bb88-91a7-4911-84c6-c8236913ab37]: Assigning socketPath: \\\\?\\pipe\\C:\\Users\\Michael\\git\\MERNReview\\amazon-clone\\functions\\13044"}}
[debug] [2020-12-16T23:46:00.986Z] [worker-~diagnostic~-d5f1bb88-91a7-4911-84c6-c8236913ab37]: BUSY {"metadata":{"emulator":{"name":"functions"},"message":"[worker-~diagnostic~-d5f1bb88-91a7-4911-84c6-c8236913ab37]: BUSY"}}
[debug] [2020-12-16T23:46:01.652Z] [runtime-status] [13044] Functions runtime initialized. {"cwd":"C:\\Users\\Michael\\git\\MERNReview\\amazon-clone\\functions","node_version":"12.16.1"} {"metadata":{"emulator":{"name":"functions"},"message":"[runtime-status] [13044] Functions runtime initialized. {\"cwd\":\"C:\\\\Users\\\\Michael\\\\git\\\\MERNReview\\\\amazon-clone\\\\functions\",\"node_version\":\"12.16.1\"}"}}
[debug] [2020-12-16T23:46:01.654Z] [runtime-status] [13044] Disabled runtime features: undefined {"metadata":{"emulator":{"name":"functions"},"message":"[runtime-status] [13044] Disabled runtime features: undefined"}}
[debug] [2020-12-16T23:46:01.660Z] [runtime-status] [13044] Resolved module firebase-admin {"declared":true,"installed":true,"version":"9.4.2","resolution":"C:\\Users\\Michael\\git\\MERNReview\\amazon-clone\\functions\\node_modules\\firebase-admin\\lib\\index.js"} {"metadata":{"emulator":{"name":"functions"},"message":"[runtime-status] [13044] Resolved module firebase-admin {\"declared\":true,\"installed\":true,\"version\":\"9.4.2\",\"resolution\":\"C:\\\\Users\\\\Michael\\\\git\\\\MERNReview\\\\amazon-clone\\\\functions\\\\node_modules\\\\firebase-admin\\\\lib\\\\index.js\"}"}}
[debug] [2020-12-16T23:46:01.686Z] [runtime-status] [13044] Resolved module firebase-functions {"declared":true,"installed":true,"version":"3.13.0","resolution":"C:\\Users\\Michael\\git\\MERNReview\\amazon-clone\\functions\\node_modules\\firebase-functions\\lib\\index.js"} {"metadata":{"emulator":{"name":"functions"},"message":"[runtime-status] [13044] Resolved module firebase-functions {\"declared\":true,\"installed\":true,\"version\":\"3.13.0\",\"resolution\":\"C:\\\\Users\\\\Michael\\\\git\\\\MERNReview\\\\amazon-clone\\\\functions\\\\node_modules\\\\firebase-functions\\\\lib\\\\index.js\"}"}}
[debug] [2020-12-16T23:46:01.690Z] [runtime-status] [13044] Resolved module firebase-functions {"declared":true,"installed":true,"version":"3.13.0","resolution":"C:\\Users\\Michael\\git\\MERNReview\\amazon-clone\\functions\\node_modules\\firebase-functions\\lib\\index.js"} {"metadata":{"emulator":{"name":"functions"},"message":"[runtime-status] [13044] Resolved module firebase-functions {\"declared\":true,\"installed\":true,\"version\":\"3.13.0\",\"resolution\":\"C:\\\\Users\\\\Michael\\\\git\\\\MERNReview\\\\amazon-clone\\\\functions\\\\node_modules\\\\firebase-functions\\\\lib\\\\index.js\"}"}}
[debug] [2020-12-16T23:46:01.693Z] [runtime-status] [13044] Outgoing network have been stubbed. [{"name":"http","status":"mocked"},{"name":"http","status":"mocked"},{"name":"https","status":"mocked"},{"name":"https","status":"mocked"},{"name":"net","status":"mocked"}] {"metadata":{"emulator":{"name":"functions"},"message":"[runtime-status] [13044] Outgoing network have been stubbed. [{\"name\":\"http\",\"status\":\"mocked\"},{\"name\":\"http\",\"status\":\"mocked\"},{\"name\":\"https\",\"status\":\"mocked\"},{\"name\":\"https\",\"status\":\"mocked\"},{\"name\":\"net\",\"status\":\"mocked\"}]"}}
[debug] [2020-12-16T23:46:01.705Z] [runtime-status] [13044] Resolved module firebase-functions {"declared":true,"installed":true,"version":"3.13.0","resolution":"C:\\Users\\Michael\\git\\MERNReview\\amazon-clone\\functions\\node_modules\\firebase-functions\\lib\\index.js"} {"metadata":{"emulator":{"name":"functions"},"message":"[runtime-status] [13044] Resolved module firebase-functions {\"declared\":true,\"installed\":true,\"version\":\"3.13.0\",\"resolution\":\"C:\\\\Users\\\\Michael\\\\git\\\\MERNReview\\\\amazon-clone\\\\functions\\\\node_modules\\\\firebase-functions\\\\lib\\\\index.js\"}"}}
[debug] [2020-12-16T23:46:01.925Z] [runtime-status] [13044] Checked functions.config() {"config":{}} {"metadata":{"emulator":{"name":"functions"},"message":"[runtime-status] [13044] Checked functions.config() {\"config\":{}}"}}
[debug] [2020-12-16T23:46:01.926Z] [runtime-status] [13044] firebase-functions has been stubbed. {"functionsResolution":{"declared":true,"installed":true,"version":"3.13.0","resolution":"C:\\Users\\Michael\\git\\MERNReview\\amazon-clone\\functions\\node_modules\\firebase-functions\\lib\\index.js"}} {"metadata":{"emulator":{"name":"functions"},"message":"[runtime-status] [13044] firebase-functions has been stubbed. {\"functionsResolution\":{\"declared\":true,\"installed\":true,\"version\":\"3.13.0\",\"resolution\":\"C:\\\\Users\\\\Michael\\\\git\\\\MERNReview\\\\amazon-clone\\\\functions\\\\node_modules\\\\firebase-functions\\\\lib\\\\index.js\"}}"}}
[debug] [2020-12-16T23:46:01.927Z] [runtime-status] [13044] Resolved module firebase-functions {"declared":true,"installed":true,"version":"3.13.0","resolution":"C:\\Users\\Michael\\git\\MERNReview\\amazon-clone\\functions\\node_modules\\firebase-functions\\lib\\index.js"} {"metadata":{"emulator":{"name":"functions"},"message":"[runtime-status] [13044] Resolved module firebase-functions {\"declared\":true,\"installed\":true,\"version\":\"3.13.0\",\"resolution\":\"C:\\\\Users\\\\Michael\\\\git\\\\MERNReview\\\\amazon-clone\\\\functions\\\\node_modules\\\\firebase-functions\\\\lib\\\\index.js\"}"}}
[debug] [2020-12-16T23:46:01.935Z] [runtime-status] [13044] Resolved module firebase-admin {"declared":true,"installed":true,"version":"9.4.2","resolution":"C:\\Users\\Michael\\git\\MERNReview\\amazon-clone\\functions\\node_modules\\firebase-admin\\lib\\index.js"} {"metadata":{"emulator":{"name":"functions"},"message":"[runtime-status] [13044] Resolved module firebase-admin {\"declared\":true,\"installed\":true,\"version\":\"9.4.2\",\"resolution\":\"C:\\\\Users\\\\Michael\\\\git\\\\MERNReview\\\\amazon-clone\\\\functions\\\\node_modules\\\\firebase-admin\\\\lib\\\\index.js\"}"}}
[debug] [2020-12-16T23:46:01.937Z] [runtime-status] [13044] Resolved module firebase-functions {"declared":true,"installed":true,"version":"3.13.0","resolution":"C:\\Users\\Michael\\git\\MERNReview\\amazon-clone\\functions\\node_modules\\firebase-functions\\lib\\index.js"} {"metadata":{"emulator":{"name":"functions"},"message":"[runtime-status] [13044] Resolved module firebase-functions {\"declared\":true,\"installed\":true,\"version\":\"3.13.0\",\"resolution\":\"C:\\\\Users\\\\Michael\\\\git\\\\MERNReview\\\\amazon-clone\\\\functions\\\\node_modules\\\\firebase-functions\\\\lib\\\\index.js\"}"}}
[debug] [2020-12-16T23:46:01.938Z] [runtime-status] [13044] firebase-admin has been stubbed. {"adminResolution":{"declared":true,"installed":true,"version":"9.4.2","resolution":"C:\\Users\\Michael\\git\\MERNReview\\amazon-clone\\functions\\node_modules\\firebase-admin\\lib\\index.js"}} {"metadata":{"emulator":{"name":"functions"},"message":"[runtime-status] [13044] firebase-admin has been stubbed. {\"adminResolution\":{\"declared\":true,\"installed\":true,\"version\":\"9.4.2\",\"resolution\":\"C:\\\\Users\\\\Michael\\\\git\\\\MERNReview\\\\amazon-clone\\\\functions\\\\node_modules\\\\firebase-admin\\\\lib\\\\index.js\"}}"}}
[info] +  functions[api]: http function initialized (http://localhost:5001/challenge-719b6/us-central1/api). {"metadata":{"emulator":{"name":"functions"},"message":"\u001b[1mhttp\u001b[22m function initialized (http://localhost:5001/challenge-719b6/us-central1/api)."}}
[info] 
┌────────────────────────────────────────────────────────────────┐
│ ✔  All emulators ready! View status and logs at localhost:4000 │
└────────────────────────────────────────────────────────────────┘

┌───────────┬────────────────┬──────────────────────────┐
│ Emulator  │ Host:Port      │ View in Emulator UI      │
├───────────┼────────────────┼──────────────────────────┤
│ Functions │ localhost:5001 │ localhost:4000/functions │
├───────────┼────────────────┼──────────────────────────┤
│ Hosting   │ localhost:5000 │ n/a                      │
└───────────┴────────────────┴──────────────────────────┘
  Other reserved ports: 4400, 4500

Issues? Report them at https://github.com/firebase/firebase-tools/issues and attach the *-debug.log files.
 
[debug] [2020-12-16T23:46:03.114Z] [worker-~diagnostic~-d5f1bb88-91a7-4911-84c6-c8236913ab37]: IDLE {"metadata":{"emulator":{"name":"functions"},"message":"[worker-~diagnostic~-d5f1bb88-91a7-4911-84c6-c8236913ab37]: IDLE"}}
[debug] [2020-12-16T23:53:31.135Z] [work-queue] {"queueLength":1,"workRunningCount":0}
[debug] [2020-12-16T23:53:31.137Z] [work-queue] {"queueLength":0,"workRunningCount":1}
[debug] [2020-12-16T23:53:31.138Z] Accepted request GET /challenge-719b6/us-central1/api --> api
[debug] [2020-12-16T23:53:31.146Z] [worker-pool] addWorker(api) {"metadata":{"emulator":{"name":"functions"},"message":"[worker-pool] addWorker(api)"}}
[debug] [2020-12-16T23:53:31.147Z] [worker-pool] Adding worker with key api, total=1 {"metadata":{"emulator":{"name":"functions"},"message":"[worker-pool] Adding worker with key api, total=1"}}
[debug] [2020-12-16T23:53:31.147Z] [worker-pool] submitWork(triggerId=api) {"metadata":{"emulator":{"name":"functions"},"message":"[worker-pool] submitWork(triggerId=api)"}}
[debug] [2020-12-16T23:53:31.147Z] [worker-api-f271c556-9344-4bbb-9201-c7d9b2892801]: Assigning socketPath: \\?\pipe\C:\Users\Michael\git\MERNReview\amazon-clone\functions\6280 {"metadata":{"emulator":{"name":"functions"},"message":"[worker-api-f271c556-9344-4bbb-9201-c7d9b2892801]: Assigning socketPath: \\\\?\\pipe\\C:\\Users\\Michael\\git\\MERNReview\\amazon-clone\\functions\\6280"}}
[debug] [2020-12-16T23:53:31.148Z] [worker-api-f271c556-9344-4bbb-9201-c7d9b2892801]: BUSY {"metadata":{"emulator":{"name":"functions"},"message":"[worker-api-f271c556-9344-4bbb-9201-c7d9b2892801]: BUSY"}}
[debug] [2020-12-16T23:53:32.149Z] [runtime-status] [6280] Functions runtime initialized. {"cwd":"C:\\Users\\Michael\\git\\MERNReview\\amazon-clone\\functions","node_version":"12.16.1"} {"metadata":{"emulator":{"name":"functions"},"function":{"name":"api"},"message":"[runtime-status] [6280] Functions runtime initialized. {\"cwd\":\"C:\\\\Users\\\\Michael\\\\git\\\\MERNReview\\\\amazon-clone\\\\functions\",\"node_version\":\"12.16.1\"}"}}
[debug] [2020-12-16T23:53:32.155Z] [runtime-status] [6280] Disabled runtime features: undefined {"metadata":{"emulator":{"name":"functions"},"function":{"name":"api"},"message":"[runtime-status] [6280] Disabled runtime features: undefined"}}
[debug] [2020-12-16T23:53:32.162Z] [runtime-status] [6280] Resolved module firebase-admin {"declared":true,"installed":true,"version":"9.4.2","resolution":"C:\\Users\\Michael\\git\\MERNReview\\amazon-clone\\functions\\node_modules\\firebase-admin\\lib\\index.js"} {"metadata":{"emulator":{"name":"functions"},"function":{"name":"api"},"message":"[runtime-status] [6280] Resolved module firebase-admin {\"declared\":true,\"installed\":true,\"version\":\"9.4.2\",\"resolution\":\"C:\\\\Users\\\\Michael\\\\git\\\\MERNReview\\\\amazon-clone\\\\functions\\\\node_modules\\\\firebase-admin\\\\lib\\\\index.js\"}"}}
[debug] [2020-12-16T23:53:32.165Z] [runtime-status] [6280] Resolved module firebase-functions {"declared":true,"installed":true,"version":"3.13.0","resolution":"C:\\Users\\Michael\\git\\MERNReview\\amazon-clone\\functions\\node_modules\\firebase-functions\\lib\\index.js"} {"metadata":{"emulator":{"name":"functions"},"function":{"name":"api"},"message":"[runtime-status] [6280] Resolved module firebase-functions {\"declared\":true,\"installed\":true,\"version\":\"3.13.0\",\"resolution\":\"C:\\\\Users\\\\Michael\\\\git\\\\MERNReview\\\\amazon-clone\\\\functions\\\\node_modules\\\\firebase-functions\\\\lib\\\\index.js\"}"}}
[debug] [2020-12-16T23:53:32.175Z] [runtime-status] [6280] Resolved module firebase-functions {"declared":true,"installed":true,"version":"3.13.0","resolution":"C:\\Users\\Michael\\git\\MERNReview\\amazon-clone\\functions\\node_modules\\firebase-functions\\lib\\index.js"} {"metadata":{"emulator":{"name":"functions"},"function":{"name":"api"},"message":"[runtime-status] [6280] Resolved module firebase-functions {\"declared\":true,\"installed\":true,\"version\":\"3.13.0\",\"resolution\":\"C:\\\\Users\\\\Michael\\\\git\\\\MERNReview\\\\amazon-clone\\\\functions\\\\node_modules\\\\firebase-functions\\\\lib\\\\index.js\"}"}}
[debug] [2020-12-16T23:53:32.178Z] [runtime-status] [6280] Outgoing network have been stubbed. [{"name":"http","status":"mocked"},{"name":"http","status":"mocked"},{"name":"https","status":"mocked"},{"name":"https","status":"mocked"},{"name":"net","status":"mocked"}] {"metadata":{"emulator":{"name":"functions"},"function":{"name":"api"},"message":"[runtime-status] [6280] Outgoing network have been stubbed. [{\"name\":\"http\",\"status\":\"mocked\"},{\"name\":\"http\",\"status\":\"mocked\"},{\"name\":\"https\",\"status\":\"mocked\"},{\"name\":\"https\",\"status\":\"mocked\"},{\"name\":\"net\",\"status\":\"mocked\"}]"}}
[debug] [2020-12-16T23:53:32.180Z] [runtime-status] [6280] Resolved module firebase-functions {"declared":true,"installed":true,"version":"3.13.0","resolution":"C:\\Users\\Michael\\git\\MERNReview\\amazon-clone\\functions\\node_modules\\firebase-functions\\lib\\index.js"} {"metadata":{"emulator":{"name":"functions"},"function":{"name":"api"},"message":"[runtime-status] [6280] Resolved module firebase-functions {\"declared\":true,\"installed\":true,\"version\":\"3.13.0\",\"resolution\":\"C:\\\\Users\\\\Michael\\\\git\\\\MERNReview\\\\amazon-clone\\\\functions\\\\node_modules\\\\firebase-functions\\\\lib\\\\index.js\"}"}}
[debug] [2020-12-16T23:53:32.365Z] [runtime-status] [6280] Checked functions.config() {"config":{}} {"metadata":{"emulator":{"name":"functions"},"function":{"name":"api"},"message":"[runtime-status] [6280] Checked functions.config() {\"config\":{}}"}}
[debug] [2020-12-16T23:53:32.365Z] [runtime-status] [6280] firebase-functions has been stubbed. {"functionsResolution":{"declared":true,"installed":true,"version":"3.13.0","resolution":"C:\\Users\\Michael\\git\\MERNReview\\amazon-clone\\functions\\node_modules\\firebase-functions\\lib\\index.js"}} {"metadata":{"emulator":{"name":"functions"},"function":{"name":"api"},"message":"[runtime-status] [6280] firebase-functions has been stubbed. {\"functionsResolution\":{\"declared\":true,\"installed\":true,\"version\":\"3.13.0\",\"resolution\":\"C:\\\\Users\\\\Michael\\\\git\\\\MERNReview\\\\amazon-clone\\\\functions\\\\node_modules\\\\firebase-functions\\\\lib\\\\index.js\"}}"}}
[debug] [2020-12-16T23:53:32.369Z] [runtime-status] [6280] Resolved module firebase-functions {"declared":true,"installed":true,"version":"3.13.0","resolution":"C:\\Users\\Michael\\git\\MERNReview\\amazon-clone\\functions\\node_modules\\firebase-functions\\lib\\index.js"} {"metadata":{"emulator":{"name":"functions"},"function":{"name":"api"},"message":"[runtime-status] [6280] Resolved module firebase-functions {\"declared\":true,\"installed\":true,\"version\":\"3.13.0\",\"resolution\":\"C:\\\\Users\\\\Michael\\\\git\\\\MERNReview\\\\amazon-clone\\\\functions\\\\node_modules\\\\firebase-functions\\\\lib\\\\index.js\"}"}}
[debug] [2020-12-16T23:53:32.375Z] [runtime-status] [6280] Resolved module firebase-admin {"declared":true,"installed":true,"version":"9.4.2","resolution":"C:\\Users\\Michael\\git\\MERNReview\\amazon-clone\\functions\\node_modules\\firebase-admin\\lib\\index.js"} {"metadata":{"emulator":{"name":"functions"},"function":{"name":"api"},"message":"[runtime-status] [6280] Resolved module firebase-admin {\"declared\":true,\"installed\":true,\"version\":\"9.4.2\",\"resolution\":\"C:\\\\Users\\\\Michael\\\\git\\\\MERNReview\\\\amazon-clone\\\\functions\\\\node_modules\\\\firebase-admin\\\\lib\\\\index.js\"}"}}
[debug] [2020-12-16T23:53:32.376Z] [runtime-status] [6280] Resolved module firebase-functions {"declared":true,"installed":true,"version":"3.13.0","resolution":"C:\\Users\\Michael\\git\\MERNReview\\amazon-clone\\functions\\node_modules\\firebase-functions\\lib\\index.js"} {"metadata":{"emulator":{"name":"functions"},"function":{"name":"api"},"message":"[runtime-status] [6280] Resolved module firebase-functions {\"declared\":true,\"installed\":true,\"version\":\"3.13.0\",\"resolution\":\"C:\\\\Users\\\\Michael\\\\git\\\\MERNReview\\\\amazon-clone\\\\functions\\\\node_modules\\\\firebase-functions\\\\lib\\\\index.js\"}"}}
[debug] [2020-12-16T23:53:32.377Z] [runtime-status] [6280] firebase-admin has been stubbed. {"adminResolution":{"declared":true,"installed":true,"version":"9.4.2","resolution":"C:\\Users\\Michael\\git\\MERNReview\\amazon-clone\\functions\\node_modules\\firebase-admin\\lib\\index.js"}} {"metadata":{"emulator":{"name":"functions"},"function":{"name":"api"},"message":"[runtime-status] [6280] firebase-admin has been stubbed. {\"adminResolution\":{\"declared\":true,\"installed\":true,\"version\":\"9.4.2\",\"resolution\":\"C:\\\\Users\\\\Michael\\\\git\\\\MERNReview\\\\amazon-clone\\\\functions\\\\node_modules\\\\firebase-admin\\\\lib\\\\index.js\"}}"}}
[debug] [2020-12-16T23:53:33.265Z] [runtime-status] [6280] Trigger "api" has been found, beginning invocation! {"metadata":{"emulator":{"name":"functions"},"function":{"name":"api"},"message":"[runtime-status] [6280] Trigger \"api\" has been found, beginning invocation!"}}
[info] i  functions: Beginning execution of "api" {"metadata":{"emulator":{"name":"functions"},"function":{"name":"api"},"message":"Beginning execution of \"api\""}}
[debug] [2020-12-16T23:53:33.267Z] [runtime-status] [6280] triggerDefinition {"httpsTrigger":{},"name":"api","entryPoint":"api"} {"metadata":{"emulator":{"name":"functions"},"function":{"name":"api"},"message":"[runtime-status] [6280] triggerDefinition {\"httpsTrigger\":{},\"name\":\"api\",\"entryPoint\":\"api\"}"}}
[debug] [2020-12-16T23:53:33.268Z] [runtime-status] [6280] Running api in mode HTTPS {"metadata":{"emulator":{"name":"functions"},"function":{"name":"api"},"message":"[runtime-status] [6280] Running api in mode HTTPS"}}
[debug] [2020-12-16T23:53:33.281Z] [runtime-status] [6280] Attempting to listen to socketPath: \\?\pipe\C:\Users\Michael\git\MERNReview\amazon-clone\functions\6280 {"metadata":{"emulator":{"name":"functions"},"function":{"name":"api"},"message":"[runtime-status] [6280] Attempting to listen to socketPath: \\\\?\\pipe\\C:\\Users\\Michael\\git\\MERNReview\\amazon-clone\\functions\\6280"}}
[debug] [2020-12-16T23:53:33.293Z] [functions] Runtime ready! Sending request! {"metadata":{"emulator":{"name":"functions"},"message":"[functions] Runtime ready! Sending request!"}}
[debug] [2020-12-16T23:53:33.316Z] [runtime-status] [6280] Ephemeral server handling GET request {"metadata":{"emulator":{"name":"functions"},"function":{"name":"api"},"message":"[runtime-status] [6280] Ephemeral server handling GET request"}}
[debug] [2020-12-16T23:53:33.334Z] [runtime-status] [6280] Ephemeral server survived. {"metadata":{"emulator":{"name":"functions"},"function":{"name":"api"},"message":"[runtime-status] [6280] Ephemeral server survived."}}
[info] i  functions: Finished "api" in ~1s {"metadata":{"emulator":{"name":"functions"},"function":{"name":"api"},"message":"Finished \"api\" in ~1s"}}
[debug] [2020-12-16T23:53:33.349Z] [worker-api-f271c556-9344-4bbb-9201-c7d9b2892801]: IDLE {"metadata":{"emulator":{"name":"functions"},"message":"[worker-api-f271c556-9344-4bbb-9201-c7d9b2892801]: IDLE"}}
[debug] [2020-12-16T23:53:33.349Z] [work-queue] {"queueLength":0,"workRunningCount":0}
[debug] [2020-12-16T23:53:33.613Z] Functions emulator received unknown request at path /favicon.ico
[debug] [2020-12-16T23:55:13.239Z] File C:\Users\Michael\git\MERNReview\amazon-clone\functions\index.js changed, reloading triggers {"metadata":{"emulator":{"name":"functions"},"message":"File C:\\Users\\Michael\\git\\MERNReview\\amazon-clone\\functions\\index.js changed, reloading triggers"}}
[debug] [2020-12-16T23:55:14.252Z] [worker-pool] Shutting down IDLE worker (~diagnostic~) {"metadata":{"emulator":{"name":"functions"},"message":"[worker-pool] Shutting down IDLE worker (~diagnostic~)"}}
[debug] [2020-12-16T23:55:14.252Z] [worker-~diagnostic~-d5f1bb88-91a7-4911-84c6-c8236913ab37]: FINISHING {"metadata":{"emulator":{"name":"functions"},"message":"[worker-~diagnostic~-d5f1bb88-91a7-4911-84c6-c8236913ab37]: FINISHING"}}
[debug] [2020-12-16T23:55:14.253Z] [worker-pool] Shutting down IDLE worker (api) {"metadata":{"emulator":{"name":"functions"},"message":"[worker-pool] Shutting down IDLE worker (api)"}}
[debug] [2020-12-16T23:55:14.253Z] [worker-api-f271c556-9344-4bbb-9201-c7d9b2892801]: FINISHING {"metadata":{"emulator":{"name":"functions"},"message":"[worker-api-f271c556-9344-4bbb-9201-c7d9b2892801]: FINISHING"}}
[debug] [2020-12-16T23:55:14.270Z] [worker-pool] addWorker(~diagnostic~) {"metadata":{"emulator":{"name":"functions"},"message":"[worker-pool] addWorker(~diagnostic~)"}}
[debug] [2020-12-16T23:55:14.270Z] [worker-pool] Adding worker with key ~diagnostic~, total=2 {"metadata":{"emulator":{"name":"functions"},"message":"[worker-pool] Adding worker with key ~diagnostic~, total=2"}}
[debug] [2020-12-16T23:55:14.271Z] [worker-pool] submitWork(triggerId=) {"metadata":{"emulator":{"name":"functions"},"message":"[worker-pool] submitWork(triggerId=)"}}
[debug] [2020-12-16T23:55:14.271Z] [worker-~diagnostic~-57bf0889-16d7-48f5-8777-7fefed6583c2]: Assigning socketPath: \\?\pipe\C:\Users\Michael\git\MERNReview\amazon-clone\functions\26280 {"metadata":{"emulator":{"name":"functions"},"message":"[worker-~diagnostic~-57bf0889-16d7-48f5-8777-7fefed6583c2]: Assigning socketPath: \\\\?\\pipe\\C:\\Users\\Michael\\git\\MERNReview\\amazon-clone\\functions\\26280"}}
[debug] [2020-12-16T23:55:14.271Z] [worker-~diagnostic~-57bf0889-16d7-48f5-8777-7fefed6583c2]: BUSY {"metadata":{"emulator":{"name":"functions"},"message":"[worker-~diagnostic~-57bf0889-16d7-48f5-8777-7fefed6583c2]: BUSY"}}
[debug] [2020-12-16T23:55:14.272Z] [worker-~diagnostic~-d5f1bb88-91a7-4911-84c6-c8236913ab37]: exited {"metadata":{"emulator":{"name":"functions"},"message":"[worker-~diagnostic~-d5f1bb88-91a7-4911-84c6-c8236913ab37]: exited"}}
[debug] [2020-12-16T23:55:14.273Z] [worker-~diagnostic~-d5f1bb88-91a7-4911-84c6-c8236913ab37]: FINISHED {"metadata":{"emulator":{"name":"functions"},"message":"[worker-~diagnostic~-d5f1bb88-91a7-4911-84c6-c8236913ab37]: FINISHED"}}
[debug] [2020-12-16T23:55:14.273Z] [worker-api-f271c556-9344-4bbb-9201-c7d9b2892801]: exited {"metadata":{"emulator":{"name":"functions"},"message":"[worker-api-f271c556-9344-4bbb-9201-c7d9b2892801]: exited"}}
[debug] [2020-12-16T23:55:14.273Z] [worker-api-f271c556-9344-4bbb-9201-c7d9b2892801]: FINISHED {"metadata":{"emulator":{"name":"functions"},"message":"[worker-api-f271c556-9344-4bbb-9201-c7d9b2892801]: FINISHED"}}
[debug] [2020-12-16T23:55:15.253Z] [runtime-status] [26280] Functions runtime initialized. {"cwd":"C:\\Users\\Michael\\git\\MERNReview\\amazon-clone\\functions","node_version":"12.16.1"} {"metadata":{"emulator":{"name":"functions"},"message":"[runtime-status] [26280] Functions runtime initialized. {\"cwd\":\"C:\\\\Users\\\\Michael\\\\git\\\\MERNReview\\\\amazon-clone\\\\functions\",\"node_version\":\"12.16.1\"}"}}
[debug] [2020-12-16T23:55:15.256Z] [runtime-status] [26280] Disabled runtime features: undefined {"metadata":{"emulator":{"name":"functions"},"message":"[runtime-status] [26280] Disabled runtime features: undefined"}}
[debug] [2020-12-16T23:55:15.271Z] [runtime-status] [26280] Resolved module firebase-admin {"declared":true,"installed":true,"version":"9.4.2","resolution":"C:\\Users\\Michael\\git\\MERNReview\\amazon-clone\\functions\\node_modules\\firebase-admin\\lib\\index.js"} {"metadata":{"emulator":{"name":"functions"},"message":"[runtime-status] [26280] Resolved module firebase-admin {\"declared\":true,\"installed\":true,\"version\":\"9.4.2\",\"resolution\":\"C:\\\\Users\\\\Michael\\\\git\\\\MERNReview\\\\amazon-clone\\\\functions\\\\node_modules\\\\firebase-admin\\\\lib\\\\index.js\"}"}}
[debug] [2020-12-16T23:55:15.300Z] [runtime-status] [26280] Resolved module firebase-functions {"declared":true,"installed":true,"version":"3.13.0","resolution":"C:\\Users\\Michael\\git\\MERNReview\\amazon-clone\\functions\\node_modules\\firebase-functions\\lib\\index.js"} {"metadata":{"emulator":{"name":"functions"},"message":"[runtime-status] [26280] Resolved module firebase-functions {\"declared\":true,\"installed\":true,\"version\":\"3.13.0\",\"resolution\":\"C:\\\\Users\\\\Michael\\\\git\\\\MERNReview\\\\amazon-clone\\\\functions\\\\node_modules\\\\firebase-functions\\\\lib\\\\index.js\"}"}}
[debug] [2020-12-16T23:55:15.302Z] [runtime-status] [26280] Resolved module firebase-functions {"declared":true,"installed":true,"version":"3.13.0","resolution":"C:\\Users\\Michael\\git\\MERNReview\\amazon-clone\\functions\\node_modules\\firebase-functions\\lib\\index.js"} {"metadata":{"emulator":{"name":"functions"},"message":"[runtime-status] [26280] Resolved module firebase-functions {\"declared\":true,\"installed\":true,\"version\":\"3.13.0\",\"resolution\":\"C:\\\\Users\\\\Michael\\\\git\\\\MERNReview\\\\amazon-clone\\\\functions\\\\node_modules\\\\firebase-functions\\\\lib\\\\index.js\"}"}}
[debug] [2020-12-16T23:55:15.305Z] [runtime-status] [26280] Outgoing network have been stubbed. [{"name":"http","status":"mocked"},{"name":"http","status":"mocked"},{"name":"https","status":"mocked"},{"name":"https","status":"mocked"},{"name":"net","status":"mocked"}] {"metadata":{"emulator":{"name":"functions"},"message":"[runtime-status] [26280] Outgoing network have been stubbed. [{\"name\":\"http\",\"status\":\"mocked\"},{\"name\":\"http\",\"status\":\"mocked\"},{\"name\":\"https\",\"status\":\"mocked\"},{\"name\":\"https\",\"status\":\"mocked\"},{\"name\":\"net\",\"status\":\"mocked\"}]"}}
[debug] [2020-12-16T23:55:15.307Z] [runtime-status] [26280] Resolved module firebase-functions {"declared":true,"installed":true,"version":"3.13.0","resolution":"C:\\Users\\Michael\\git\\MERNReview\\amazon-clone\\functions\\node_modules\\firebase-functions\\lib\\index.js"} {"metadata":{"emulator":{"name":"functions"},"message":"[runtime-status] [26280] Resolved module firebase-functions {\"declared\":true,\"installed\":true,\"version\":\"3.13.0\",\"resolution\":\"C:\\\\Users\\\\Michael\\\\git\\\\MERNReview\\\\amazon-clone\\\\functions\\\\node_modules\\\\firebase-functions\\\\lib\\\\index.js\"}"}}
[debug] [2020-12-16T23:55:15.666Z] [runtime-status] [26280] Checked functions.config() {"config":{}} {"metadata":{"emulator":{"name":"functions"},"message":"[runtime-status] [26280] Checked functions.config() {\"config\":{}}"}}
[debug] [2020-12-16T23:55:15.667Z] [runtime-status] [26280] firebase-functions has been stubbed. {"functionsResolution":{"declared":true,"installed":true,"version":"3.13.0","resolution":"C:\\Users\\Michael\\git\\MERNReview\\amazon-clone\\functions\\node_modules\\firebase-functions\\lib\\index.js"}} {"metadata":{"emulator":{"name":"functions"},"message":"[runtime-status] [26280] firebase-functions has been stubbed. {\"functionsResolution\":{\"declared\":true,\"installed\":true,\"version\":\"3.13.0\",\"resolution\":\"C:\\\\Users\\\\Michael\\\\git\\\\MERNReview\\\\amazon-clone\\\\functions\\\\node_modules\\\\firebase-functions\\\\lib\\\\index.js\"}}"}}
[debug] [2020-12-16T23:55:15.669Z] [runtime-status] [26280] Resolved module firebase-functions {"declared":true,"installed":true,"version":"3.13.0","resolution":"C:\\Users\\Michael\\git\\MERNReview\\amazon-clone\\functions\\node_modules\\firebase-functions\\lib\\index.js"} {"metadata":{"emulator":{"name":"functions"},"message":"[runtime-status] [26280] Resolved module firebase-functions {\"declared\":true,\"installed\":true,\"version\":\"3.13.0\",\"resolution\":\"C:\\\\Users\\\\Michael\\\\git\\\\MERNReview\\\\amazon-clone\\\\functions\\\\node_modules\\\\firebase-functions\\\\lib\\\\index.js\"}"}}
[debug] [2020-12-16T23:55:15.672Z] [runtime-status] [26280] Resolved module firebase-admin {"declared":true,"installed":true,"version":"9.4.2","resolution":"C:\\Users\\Michael\\git\\MERNReview\\amazon-clone\\functions\\node_modules\\firebase-admin\\lib\\index.js"} {"metadata":{"emulator":{"name":"functions"},"message":"[runtime-status] [26280] Resolved module firebase-admin {\"declared\":true,\"installed\":true,\"version\":\"9.4.2\",\"resolution\":\"C:\\\\Users\\\\Michael\\\\git\\\\MERNReview\\\\amazon-clone\\\\functions\\\\node_modules\\\\firebase-admin\\\\lib\\\\index.js\"}"}}
[debug] [2020-12-16T23:55:15.674Z] [runtime-status] [26280] Resolved module firebase-functions {"declared":true,"installed":true,"version":"3.13.0","resolution":"C:\\Users\\Michael\\git\\MERNReview\\amazon-clone\\functions\\node_modules\\firebase-functions\\lib\\index.js"} {"metadata":{"emulator":{"name":"functions"},"message":"[runtime-status] [26280] Resolved module firebase-functions {\"declared\":true,\"installed\":true,\"version\":\"3.13.0\",\"resolution\":\"C:\\\\Users\\\\Michael\\\\git\\\\MERNReview\\\\amazon-clone\\\\functions\\\\node_modules\\\\firebase-functions\\\\lib\\\\index.js\"}"}}
[debug] [2020-12-16T23:55:15.674Z] [runtime-status] [26280] firebase-admin has been stubbed. {"adminResolution":{"declared":true,"installed":true,"version":"9.4.2","resolution":"C:\\Users\\Michael\\git\\MERNReview\\amazon-clone\\functions\\node_modules\\firebase-admin\\lib\\index.js"}} {"metadata":{"emulator":{"name":"functions"},"message":"[runtime-status] [26280] firebase-admin has been stubbed. {\"adminResolution\":{\"declared\":true,\"installed\":true,\"version\":\"9.4.2\",\"resolution\":\"C:\\\\Users\\\\Michael\\\\git\\\\MERNReview\\\\amazon-clone\\\\functions\\\\node_modules\\\\firebase-admin\\\\lib\\\\index.js\"}}"}}
[debug] [2020-12-16T23:55:16.420Z] [worker-~diagnostic~-57bf0889-16d7-48f5-8777-7fefed6583c2]: IDLE {"metadata":{"emulator":{"name":"functions"},"message":"[worker-~diagnostic~-57bf0889-16d7-48f5-8777-7fefed6583c2]: IDLE"}}
[debug] [2020-12-16T23:56:32.305Z] File C:\Users\Michael\git\MERNReview\amazon-clone\functions\index.js changed, reloading triggers {"metadata":{"emulator":{"name":"functions"},"message":"File C:\\Users\\Michael\\git\\MERNReview\\amazon-clone\\functions\\index.js changed, reloading triggers"}}
[debug] [2020-12-16T23:56:33.316Z] [worker-pool] Shutting down IDLE worker (~diagnostic~) {"metadata":{"emulator":{"name":"functions"},"message":"[worker-pool] Shutting down IDLE worker (~diagnostic~)"}}
[debug] [2020-12-16T23:56:33.316Z] [worker-~diagnostic~-57bf0889-16d7-48f5-8777-7fefed6583c2]: FINISHING {"metadata":{"emulator":{"name":"functions"},"message":"[worker-~diagnostic~-57bf0889-16d7-48f5-8777-7fefed6583c2]: FINISHING"}}
[debug] [2020-12-16T23:56:33.317Z] [worker-pool] Cleaned up workers for ~diagnostic~: 2 --> 1 {"metadata":{"emulator":{"name":"functions"},"message":"[worker-pool] Cleaned up workers for ~diagnostic~: 2 --> 1"}}
[debug] [2020-12-16T23:56:33.317Z] [worker-pool] Cleaned up workers for api: 1 --> 0 {"metadata":{"emulator":{"name":"functions"},"message":"[worker-pool] Cleaned up workers for api: 1 --> 0"}}
[debug] [2020-12-16T23:56:33.328Z] [worker-pool] addWorker(~diagnostic~) {"metadata":{"emulator":{"name":"functions"},"message":"[worker-pool] addWorker(~diagnostic~)"}}
[debug] [2020-12-16T23:56:33.329Z] [worker-pool] Adding worker with key ~diagnostic~, total=2 {"metadata":{"emulator":{"name":"functions"},"message":"[worker-pool] Adding worker with key ~diagnostic~, total=2"}}
[debug] [2020-12-16T23:56:33.329Z] [worker-pool] submitWork(triggerId=) {"metadata":{"emulator":{"name":"functions"},"message":"[worker-pool] submitWork(triggerId=)"}}
[debug] [2020-12-16T23:56:33.329Z] [worker-~diagnostic~-b125d288-7b7b-42a1-b138-23cc126065c7]: Assigning socketPath: \\?\pipe\C:\Users\Michael\git\MERNReview\amazon-clone\functions\24248 {"metadata":{"emulator":{"name":"functions"},"message":"[worker-~diagnostic~-b125d288-7b7b-42a1-b138-23cc126065c7]: Assigning socketPath: \\\\?\\pipe\\C:\\Users\\Michael\\git\\MERNReview\\amazon-clone\\functions\\24248"}}
[debug] [2020-12-16T23:56:33.329Z] [worker-~diagnostic~-b125d288-7b7b-42a1-b138-23cc126065c7]: BUSY {"metadata":{"emulator":{"name":"functions"},"message":"[worker-~diagnostic~-b125d288-7b7b-42a1-b138-23cc126065c7]: BUSY"}}
[debug] [2020-12-16T23:56:33.334Z] [worker-~diagnostic~-57bf0889-16d7-48f5-8777-7fefed6583c2]: exited {"metadata":{"emulator":{"name":"functions"},"message":"[worker-~diagnostic~-57bf0889-16d7-48f5-8777-7fefed6583c2]: exited"}}
[debug] [2020-12-16T23:56:33.334Z] [worker-~diagnostic~-57bf0889-16d7-48f5-8777-7fefed6583c2]: FINISHED {"metadata":{"emulator":{"name":"functions"},"message":"[worker-~diagnostic~-57bf0889-16d7-48f5-8777-7fefed6583c2]: FINISHED"}}
[debug] [2020-12-16T23:56:33.742Z] [runtime-status] [24248] Functions runtime initialized. {"cwd":"C:\\Users\\Michael\\git\\MERNReview\\amazon-clone\\functions","node_version":"12.16.1"} {"metadata":{"emulator":{"name":"functions"},"message":"[runtime-status] [24248] Functions runtime initialized. {\"cwd\":\"C:\\\\Users\\\\Michael\\\\git\\\\MERNReview\\\\amazon-clone\\\\functions\",\"node_version\":\"12.16.1\"}"}}
[debug] [2020-12-16T23:56:33.745Z] [runtime-status] [24248] Disabled runtime features: undefined {"metadata":{"emulator":{"name":"functions"},"message":"[runtime-status] [24248] Disabled runtime features: undefined"}}
[debug] [2020-12-16T23:56:33.753Z] [runtime-status] [24248] Resolved module firebase-admin {"declared":true,"installed":true,"version":"9.4.2","resolution":"C:\\Users\\Michael\\git\\MERNReview\\amazon-clone\\functions\\node_modules\\firebase-admin\\lib\\index.js"} {"metadata":{"emulator":{"name":"functions"},"message":"[runtime-status] [24248] Resolved module firebase-admin {\"declared\":true,\"installed\":true,\"version\":\"9.4.2\",\"resolution\":\"C:\\\\Users\\\\Michael\\\\git\\\\MERNReview\\\\amazon-clone\\\\functions\\\\node_modules\\\\firebase-admin\\\\lib\\\\index.js\"}"}}
[debug] [2020-12-16T23:56:33.758Z] [runtime-status] [24248] Resolved module firebase-functions {"declared":true,"installed":true,"version":"3.13.0","resolution":"C:\\Users\\Michael\\git\\MERNReview\\amazon-clone\\functions\\node_modules\\firebase-functions\\lib\\index.js"} {"metadata":{"emulator":{"name":"functions"},"message":"[runtime-status] [24248] Resolved module firebase-functions {\"declared\":true,\"installed\":true,\"version\":\"3.13.0\",\"resolution\":\"C:\\\\Users\\\\Michael\\\\git\\\\MERNReview\\\\amazon-clone\\\\functions\\\\node_modules\\\\firebase-functions\\\\lib\\\\index.js\"}"}}
[debug] [2020-12-16T23:56:33.760Z] [runtime-status] [24248] Resolved module firebase-functions {"declared":true,"installed":true,"version":"3.13.0","resolution":"C:\\Users\\Michael\\git\\MERNReview\\amazon-clone\\functions\\node_modules\\firebase-functions\\lib\\index.js"} {"metadata":{"emulator":{"name":"functions"},"message":"[runtime-status] [24248] Resolved module firebase-functions {\"declared\":true,\"installed\":true,\"version\":\"3.13.0\",\"resolution\":\"C:\\\\Users\\\\Michael\\\\git\\\\MERNReview\\\\amazon-clone\\\\functions\\\\node_modules\\\\firebase-functions\\\\lib\\\\index.js\"}"}}
[debug] [2020-12-16T23:56:33.764Z] [runtime-status] [24248] Outgoing network have been stubbed. [{"name":"http","status":"mocked"},{"name":"http","status":"mocked"},{"name":"https","status":"mocked"},{"name":"https","status":"mocked"},{"name":"net","status":"mocked"}] {"metadata":{"emulator":{"name":"functions"},"message":"[runtime-status] [24248] Outgoing network have been stubbed. [{\"name\":\"http\",\"status\":\"mocked\"},{\"name\":\"http\",\"status\":\"mocked\"},{\"name\":\"https\",\"status\":\"mocked\"},{\"name\":\"https\",\"status\":\"mocked\"},{\"name\":\"net\",\"status\":\"mocked\"}]"}}
[debug] [2020-12-16T23:56:33.765Z] [runtime-status] [24248] Resolved module firebase-functions {"declared":true,"installed":true,"version":"3.13.0","resolution":"C:\\Users\\Michael\\git\\MERNReview\\amazon-clone\\functions\\node_modules\\firebase-functions\\lib\\index.js"} {"metadata":{"emulator":{"name":"functions"},"message":"[runtime-status] [24248] Resolved module firebase-functions {\"declared\":true,\"installed\":true,\"version\":\"3.13.0\",\"resolution\":\"C:\\\\Users\\\\Michael\\\\git\\\\MERNReview\\\\amazon-clone\\\\functions\\\\node_modules\\\\firebase-functions\\\\lib\\\\index.js\"}"}}
[debug] [2020-12-16T23:56:33.896Z] [runtime-status] [24248] Checked functions.config() {"config":{}} {"metadata":{"emulator":{"name":"functions"},"message":"[runtime-status] [24248] Checked functions.config() {\"config\":{}}"}}
[debug] [2020-12-16T23:56:33.897Z] [runtime-status] [24248] firebase-functions has been stubbed. {"functionsResolution":{"declared":true,"installed":true,"version":"3.13.0","resolution":"C:\\Users\\Michael\\git\\MERNReview\\amazon-clone\\functions\\node_modules\\firebase-functions\\lib\\index.js"}} {"metadata":{"emulator":{"name":"functions"},"message":"[runtime-status] [24248] firebase-functions has been stubbed. {\"functionsResolution\":{\"declared\":true,\"installed\":true,\"version\":\"3.13.0\",\"resolution\":\"C:\\\\Users\\\\Michael\\\\git\\\\MERNReview\\\\amazon-clone\\\\functions\\\\node_modules\\\\firebase-functions\\\\lib\\\\index.js\"}}"}}
[debug] [2020-12-16T23:56:33.898Z] [runtime-status] [24248] Resolved module firebase-functions {"declared":true,"installed":true,"version":"3.13.0","resolution":"C:\\Users\\Michael\\git\\MERNReview\\amazon-clone\\functions\\node_modules\\firebase-functions\\lib\\index.js"} {"metadata":{"emulator":{"name":"functions"},"message":"[runtime-status] [24248] Resolved module firebase-functions {\"declared\":true,\"installed\":true,\"version\":\"3.13.0\",\"resolution\":\"C:\\\\Users\\\\Michael\\\\git\\\\MERNReview\\\\amazon-clone\\\\functions\\\\node_modules\\\\firebase-functions\\\\lib\\\\index.js\"}"}}
[debug] [2020-12-16T23:56:33.901Z] [runtime-status] [24248] Resolved module firebase-admin {"declared":true,"installed":true,"version":"9.4.2","resolution":"C:\\Users\\Michael\\git\\MERNReview\\amazon-clone\\functions\\node_modules\\firebase-admin\\lib\\index.js"} {"metadata":{"emulator":{"name":"functions"},"message":"[runtime-status] [24248] Resolved module firebase-admin {\"declared\":true,\"installed\":true,\"version\":\"9.4.2\",\"resolution\":\"C:\\\\Users\\\\Michael\\\\git\\\\MERNReview\\\\amazon-clone\\\\functions\\\\node_modules\\\\firebase-admin\\\\lib\\\\index.js\"}"}}
[debug] [2020-12-16T23:56:33.903Z] [runtime-status] [24248] Resolved module firebase-functions {"declared":true,"installed":true,"version":"3.13.0","resolution":"C:\\Users\\Michael\\git\\MERNReview\\amazon-clone\\functions\\node_modules\\firebase-functions\\lib\\index.js"} {"metadata":{"emulator":{"name":"functions"},"message":"[runtime-status] [24248] Resolved module firebase-functions {\"declared\":true,\"installed\":true,\"version\":\"3.13.0\",\"resolution\":\"C:\\\\Users\\\\Michael\\\\git\\\\MERNReview\\\\amazon-clone\\\\functions\\\\node_modules\\\\firebase-functions\\\\lib\\\\index.js\"}"}}
[debug] [2020-12-16T23:56:33.903Z] [runtime-status] [24248] firebase-admin has been stubbed. {"adminResolution":{"declared":true,"installed":true,"version":"9.4.2","resolution":"C:\\Users\\Michael\\git\\MERNReview\\amazon-clone\\functions\\node_modules\\firebase-admin\\lib\\index.js"}} {"metadata":{"emulator":{"name":"functions"},"message":"[runtime-status] [24248] firebase-admin has been stubbed. {\"adminResolution\":{\"declared\":true,\"installed\":true,\"version\":\"9.4.2\",\"resolution\":\"C:\\\\Users\\\\Michael\\\\git\\\\MERNReview\\\\amazon-clone\\\\functions\\\\node_modules\\\\firebase-admin\\\\lib\\\\index.js\"}}"}}
[debug] [2020-12-16T23:56:34.269Z] [worker-~diagnostic~-b125d288-7b7b-42a1-b138-23cc126065c7]: IDLE {"metadata":{"emulator":{"name":"functions"},"message":"[worker-~diagnostic~-b125d288-7b7b-42a1-b138-23cc126065c7]: IDLE"}}
[debug] [2020-12-16T23:57:08.314Z] File C:\Users\Michael\git\MERNReview\amazon-clone\functions\index.js changed, reloading triggers {"metadata":{"emulator":{"name":"functions"},"message":"File C:\\Users\\Michael\\git\\MERNReview\\amazon-clone\\functions\\index.js changed, reloading triggers"}}
[debug] [2020-12-16T23:57:09.324Z] [worker-pool] Shutting down IDLE worker (~diagnostic~) {"metadata":{"emulator":{"name":"functions"},"message":"[worker-pool] Shutting down IDLE worker (~diagnostic~)"}}
[debug] [2020-12-16T23:57:09.324Z] [worker-~diagnostic~-b125d288-7b7b-42a1-b138-23cc126065c7]: FINISHING {"metadata":{"emulator":{"name":"functions"},"message":"[worker-~diagnostic~-b125d288-7b7b-42a1-b138-23cc126065c7]: FINISHING"}}
[debug] [2020-12-16T23:57:09.324Z] [worker-pool] Cleaned up workers for ~diagnostic~: 2 --> 1 {"metadata":{"emulator":{"name":"functions"},"message":"[worker-pool] Cleaned up workers for ~diagnostic~: 2 --> 1"}}
[debug] [2020-12-16T23:57:09.334Z] [worker-pool] addWorker(~diagnostic~) {"metadata":{"emulator":{"name":"functions"},"message":"[worker-pool] addWorker(~diagnostic~)"}}
[debug] [2020-12-16T23:57:09.334Z] [worker-pool] Adding worker with key ~diagnostic~, total=2 {"metadata":{"emulator":{"name":"functions"},"message":"[worker-pool] Adding worker with key ~diagnostic~, total=2"}}
[debug] [2020-12-16T23:57:09.335Z] [worker-pool] submitWork(triggerId=) {"metadata":{"emulator":{"name":"functions"},"message":"[worker-pool] submitWork(triggerId=)"}}
[debug] [2020-12-16T23:57:09.335Z] [worker-~diagnostic~-32392cce-a2b8-488f-98ce-591a472f5e6d]: Assigning socketPath: \\?\pipe\C:\Users\Michael\git\MERNReview\amazon-clone\functions\25684 {"metadata":{"emulator":{"name":"functions"},"message":"[worker-~diagnostic~-32392cce-a2b8-488f-98ce-591a472f5e6d]: Assigning socketPath: \\\\?\\pipe\\C:\\Users\\Michael\\git\\MERNReview\\amazon-clone\\functions\\25684"}}
[debug] [2020-12-16T23:57:09.335Z] [worker-~diagnostic~-32392cce-a2b8-488f-98ce-591a472f5e6d]: BUSY {"metadata":{"emulator":{"name":"functions"},"message":"[worker-~diagnostic~-32392cce-a2b8-488f-98ce-591a472f5e6d]: BUSY"}}
[debug] [2020-12-16T23:57:09.338Z] [worker-~diagnostic~-b125d288-7b7b-42a1-b138-23cc126065c7]: exited {"metadata":{"emulator":{"name":"functions"},"message":"[worker-~diagnostic~-b125d288-7b7b-42a1-b138-23cc126065c7]: exited"}}
[debug] [2020-12-16T23:57:09.338Z] [worker-~diagnostic~-b125d288-7b7b-42a1-b138-23cc126065c7]: FINISHED {"metadata":{"emulator":{"name":"functions"},"message":"[worker-~diagnostic~-b125d288-7b7b-42a1-b138-23cc126065c7]: FINISHED"}}
[debug] [2020-12-16T23:57:09.844Z] [runtime-status] [25684] Functions runtime initialized. {"cwd":"C:\\Users\\Michael\\git\\MERNReview\\amazon-clone\\functions","node_version":"12.16.1"} {"metadata":{"emulator":{"name":"functions"},"message":"[runtime-status] [25684] Functions runtime initialized. {\"cwd\":\"C:\\\\Users\\\\Michael\\\\git\\\\MERNReview\\\\amazon-clone\\\\functions\",\"node_version\":\"12.16.1\"}"}}
[debug] [2020-12-16T23:57:09.848Z] [runtime-status] [25684] Disabled runtime features: undefined {"metadata":{"emulator":{"name":"functions"},"message":"[runtime-status] [25684] Disabled runtime features: undefined"}}
[debug] [2020-12-16T23:57:09.854Z] [runtime-status] [25684] Resolved module firebase-admin {"declared":true,"installed":true,"version":"9.4.2","resolution":"C:\\Users\\Michael\\git\\MERNReview\\amazon-clone\\functions\\node_modules\\firebase-admin\\lib\\index.js"} {"metadata":{"emulator":{"name":"functions"},"message":"[runtime-status] [25684] Resolved module firebase-admin {\"declared\":true,\"installed\":true,\"version\":\"9.4.2\",\"resolution\":\"C:\\\\Users\\\\Michael\\\\git\\\\MERNReview\\\\amazon-clone\\\\functions\\\\node_modules\\\\firebase-admin\\\\lib\\\\index.js\"}"}}
[debug] [2020-12-16T23:57:09.858Z] [runtime-status] [25684] Resolved module firebase-functions {"declared":true,"installed":true,"version":"3.13.0","resolution":"C:\\Users\\Michael\\git\\MERNReview\\amazon-clone\\functions\\node_modules\\firebase-functions\\lib\\index.js"} {"metadata":{"emulator":{"name":"functions"},"message":"[runtime-status] [25684] Resolved module firebase-functions {\"declared\":true,\"installed\":true,\"version\":\"3.13.0\",\"resolution\":\"C:\\\\Users\\\\Michael\\\\git\\\\MERNReview\\\\amazon-clone\\\\functions\\\\node_modules\\\\firebase-functions\\\\lib\\\\index.js\"}"}}
[debug] [2020-12-16T23:57:09.860Z] [runtime-status] [25684] Resolved module firebase-functions {"declared":true,"installed":true,"version":"3.13.0","resolution":"C:\\Users\\Michael\\git\\MERNReview\\amazon-clone\\functions\\node_modules\\firebase-functions\\lib\\index.js"} {"metadata":{"emulator":{"name":"functions"},"message":"[runtime-status] [25684] Resolved module firebase-functions {\"declared\":true,\"installed\":true,\"version\":\"3.13.0\",\"resolution\":\"C:\\\\Users\\\\Michael\\\\git\\\\MERNReview\\\\amazon-clone\\\\functions\\\\node_modules\\\\firebase-functions\\\\lib\\\\index.js\"}"}}
[debug] [2020-12-16T23:57:09.866Z] [runtime-status] [25684] Outgoing network have been stubbed. [{"name":"http","status":"mocked"},{"name":"http","status":"mocked"},{"name":"https","status":"mocked"},{"name":"https","status":"mocked"},{"name":"net","status":"mocked"}] {"metadata":{"emulator":{"name":"functions"},"message":"[runtime-status] [25684] Outgoing network have been stubbed. [{\"name\":\"http\",\"status\":\"mocked\"},{\"name\":\"http\",\"status\":\"mocked\"},{\"name\":\"https\",\"status\":\"mocked\"},{\"name\":\"https\",\"status\":\"mocked\"},{\"name\":\"net\",\"status\":\"mocked\"}]"}}
[debug] [2020-12-16T23:57:09.867Z] [runtime-status] [25684] Resolved module firebase-functions {"declared":true,"installed":true,"version":"3.13.0","resolution":"C:\\Users\\Michael\\git\\MERNReview\\amazon-clone\\functions\\node_modules\\firebase-functions\\lib\\index.js"} {"metadata":{"emulator":{"name":"functions"},"message":"[runtime-status] [25684] Resolved module firebase-functions {\"declared\":true,\"installed\":true,\"version\":\"3.13.0\",\"resolution\":\"C:\\\\Users\\\\Michael\\\\git\\\\MERNReview\\\\amazon-clone\\\\functions\\\\node_modules\\\\firebase-functions\\\\lib\\\\index.js\"}"}}
[debug] [2020-12-16T23:57:09.982Z] [runtime-status] [25684] Checked functions.config() {"config":{}} {"metadata":{"emulator":{"name":"functions"},"message":"[runtime-status] [25684] Checked functions.config() {\"config\":{}}"}}
[debug] [2020-12-16T23:57:09.982Z] [runtime-status] [25684] firebase-functions has been stubbed. {"functionsResolution":{"declared":true,"installed":true,"version":"3.13.0","resolution":"C:\\Users\\Michael\\git\\MERNReview\\amazon-clone\\functions\\node_modules\\firebase-functions\\lib\\index.js"}} {"metadata":{"emulator":{"name":"functions"},"message":"[runtime-status] [25684] firebase-functions has been stubbed. {\"functionsResolution\":{\"declared\":true,\"installed\":true,\"version\":\"3.13.0\",\"resolution\":\"C:\\\\Users\\\\Michael\\\\git\\\\MERNReview\\\\amazon-clone\\\\functions\\\\node_modules\\\\firebase-functions\\\\lib\\\\index.js\"}}"}}
[debug] [2020-12-16T23:57:09.983Z] [runtime-status] [25684] Resolved module firebase-functions {"declared":true,"installed":true,"version":"3.13.0","resolution":"C:\\Users\\Michael\\git\\MERNReview\\amazon-clone\\functions\\node_modules\\firebase-functions\\lib\\index.js"} {"metadata":{"emulator":{"name":"functions"},"message":"[runtime-status] [25684] Resolved module firebase-functions {\"declared\":true,\"installed\":true,\"version\":\"3.13.0\",\"resolution\":\"C:\\\\Users\\\\Michael\\\\git\\\\MERNReview\\\\amazon-clone\\\\functions\\\\node_modules\\\\firebase-functions\\\\lib\\\\index.js\"}"}}
[debug] [2020-12-16T23:57:09.986Z] [runtime-status] [25684] Resolved module firebase-admin {"declared":true,"installed":true,"version":"9.4.2","resolution":"C:\\Users\\Michael\\git\\MERNReview\\amazon-clone\\functions\\node_modules\\firebase-admin\\lib\\index.js"} {"metadata":{"emulator":{"name":"functions"},"message":"[runtime-status] [25684] Resolved module firebase-admin {\"declared\":true,\"installed\":true,\"version\":\"9.4.2\",\"resolution\":\"C:\\\\Users\\\\Michael\\\\git\\\\MERNReview\\\\amazon-clone\\\\functions\\\\node_modules\\\\firebase-admin\\\\lib\\\\index.js\"}"}}
[debug] [2020-12-16T23:57:09.987Z] [runtime-status] [25684] Resolved module firebase-functions {"declared":true,"installed":true,"version":"3.13.0","resolution":"C:\\Users\\Michael\\git\\MERNReview\\amazon-clone\\functions\\node_modules\\firebase-functions\\lib\\index.js"} {"metadata":{"emulator":{"name":"functions"},"message":"[runtime-status] [25684] Resolved module firebase-functions {\"declared\":true,\"installed\":true,\"version\":\"3.13.0\",\"resolution\":\"C:\\\\Users\\\\Michael\\\\git\\\\MERNReview\\\\amazon-clone\\\\functions\\\\node_modules\\\\firebase-functions\\\\lib\\\\index.js\"}"}}
[debug] [2020-12-16T23:57:09.988Z] [runtime-status] [25684] firebase-admin has been stubbed. {"adminResolution":{"declared":true,"installed":true,"version":"9.4.2","resolution":"C:\\Users\\Michael\\git\\MERNReview\\amazon-clone\\functions\\node_modules\\firebase-admin\\lib\\index.js"}} {"metadata":{"emulator":{"name":"functions"},"message":"[runtime-status] [25684] firebase-admin has been stubbed. {\"adminResolution\":{\"declared\":true,\"installed\":true,\"version\":\"9.4.2\",\"resolution\":\"C:\\\\Users\\\\Michael\\\\git\\\\MERNReview\\\\amazon-clone\\\\functions\\\\node_modules\\\\firebase-admin\\\\lib\\\\index.js\"}}"}}
[debug] [2020-12-16T23:57:10.391Z] [worker-~diagnostic~-32392cce-a2b8-488f-98ce-591a472f5e6d]: IDLE {"metadata":{"emulator":{"name":"functions"},"message":"[worker-~diagnostic~-32392cce-a2b8-488f-98ce-591a472f5e6d]: IDLE"}}
[debug] [2020-12-17T22:38:09.899Z] File C:\Users\Michael\git\MERNReview\amazon-clone\functions\index.js changed, reloading triggers {"metadata":{"emulator":{"name":"functions"},"message":"File C:\\Users\\Michael\\git\\MERNReview\\amazon-clone\\functions\\index.js changed, reloading triggers"}}
[debug] [2020-12-17T22:38:10.920Z] [worker-pool] Shutting down IDLE worker (~diagnostic~) {"metadata":{"emulator":{"name":"functions"},"message":"[worker-pool] Shutting down IDLE worker (~diagnostic~)"}}
[debug] [2020-12-17T22:38:10.921Z] [worker-~diagnostic~-32392cce-a2b8-488f-98ce-591a472f5e6d]: FINISHING {"metadata":{"emulator":{"name":"functions"},"message":"[worker-~diagnostic~-32392cce-a2b8-488f-98ce-591a472f5e6d]: FINISHING"}}
[debug] [2020-12-17T22:38:10.922Z] [worker-pool] Cleaned up workers for ~diagnostic~: 2 --> 1 {"metadata":{"emulator":{"name":"functions"},"message":"[worker-pool] Cleaned up workers for ~diagnostic~: 2 --> 1"}}
[debug] [2020-12-17T22:38:10.932Z] [worker-pool] addWorker(~diagnostic~) {"metadata":{"emulator":{"name":"functions"},"message":"[worker-pool] addWorker(~diagnostic~)"}}
[debug] [2020-12-17T22:38:10.932Z] [worker-pool] Adding worker with key ~diagnostic~, total=2 {"metadata":{"emulator":{"name":"functions"},"message":"[worker-pool] Adding worker with key ~diagnostic~, total=2"}}
[debug] [2020-12-17T22:38:10.933Z] [worker-pool] submitWork(triggerId=) {"metadata":{"emulator":{"name":"functions"},"message":"[worker-pool] submitWork(triggerId=)"}}
[debug] [2020-12-17T22:38:10.935Z] [worker-~diagnostic~-3edfddf1-7e68-4f68-820f-ff70ee52e42b]: Assigning socketPath: \\?\pipe\C:\Users\Michael\git\MERNReview\amazon-clone\functions\21664 {"metadata":{"emulator":{"name":"functions"},"message":"[worker-~diagnostic~-3edfddf1-7e68-4f68-820f-ff70ee52e42b]: Assigning socketPath: \\\\?\\pipe\\C:\\Users\\Michael\\git\\MERNReview\\amazon-clone\\functions\\21664"}}
[debug] [2020-12-17T22:38:10.937Z] [worker-~diagnostic~-3edfddf1-7e68-4f68-820f-ff70ee52e42b]: BUSY {"metadata":{"emulator":{"name":"functions"},"message":"[worker-~diagnostic~-3edfddf1-7e68-4f68-820f-ff70ee52e42b]: BUSY"}}
[debug] [2020-12-17T22:38:10.942Z] [worker-~diagnostic~-32392cce-a2b8-488f-98ce-591a472f5e6d]: exited {"metadata":{"emulator":{"name":"functions"},"message":"[worker-~diagnostic~-32392cce-a2b8-488f-98ce-591a472f5e6d]: exited"}}
[debug] [2020-12-17T22:38:10.942Z] [worker-~diagnostic~-32392cce-a2b8-488f-98ce-591a472f5e6d]: FINISHED {"metadata":{"emulator":{"name":"functions"},"message":"[worker-~diagnostic~-32392cce-a2b8-488f-98ce-591a472f5e6d]: FINISHED"}}
[debug] [2020-12-17T22:38:11.825Z] [runtime-status] [21664] Functions runtime initialized. {"cwd":"C:\\Users\\Michael\\git\\MERNReview\\amazon-clone\\functions","node_version":"12.16.1"} {"metadata":{"emulator":{"name":"functions"},"message":"[runtime-status] [21664] Functions runtime initialized. {\"cwd\":\"C:\\\\Users\\\\Michael\\\\git\\\\MERNReview\\\\amazon-clone\\\\functions\",\"node_version\":\"12.16.1\"}"}}
[debug] [2020-12-17T22:38:11.829Z] [runtime-status] [21664] Disabled runtime features: undefined {"metadata":{"emulator":{"name":"functions"},"message":"[runtime-status] [21664] Disabled runtime features: undefined"}}
[debug] [2020-12-17T22:38:11.847Z] [runtime-status] [21664] Resolved module firebase-admin {"declared":true,"installed":true,"version":"9.4.2","resolution":"C:\\Users\\Michael\\git\\MERNReview\\amazon-clone\\functions\\node_modules\\firebase-admin\\lib\\index.js"} {"metadata":{"emulator":{"name":"functions"},"message":"[runtime-status] [21664] Resolved module firebase-admin {\"declared\":true,\"installed\":true,\"version\":\"9.4.2\",\"resolution\":\"C:\\\\Users\\\\Michael\\\\git\\\\MERNReview\\\\amazon-clone\\\\functions\\\\node_modules\\\\firebase-admin\\\\lib\\\\index.js\"}"}}
[debug] [2020-12-17T22:38:11.849Z] [runtime-status] [21664] Resolved module firebase-functions {"declared":true,"installed":true,"version":"3.13.0","resolution":"C:\\Users\\Michael\\git\\MERNReview\\amazon-clone\\functions\\node_modules\\firebase-functions\\lib\\index.js"} {"metadata":{"emulator":{"name":"functions"},"message":"[runtime-status] [21664] Resolved module firebase-functions {\"declared\":true,\"installed\":true,\"version\":\"3.13.0\",\"resolution\":\"C:\\\\Users\\\\Michael\\\\git\\\\MERNReview\\\\amazon-clone\\\\functions\\\\node_modules\\\\firebase-functions\\\\lib\\\\index.js\"}"}}
[debug] [2020-12-17T22:38:11.861Z] [runtime-status] [21664] Resolved module firebase-functions {"declared":true,"installed":true,"version":"3.13.0","resolution":"C:\\Users\\Michael\\git\\MERNReview\\amazon-clone\\functions\\node_modules\\firebase-functions\\lib\\index.js"} {"metadata":{"emulator":{"name":"functions"},"message":"[runtime-status] [21664] Resolved module firebase-functions {\"declared\":true,\"installed\":true,\"version\":\"3.13.0\",\"resolution\":\"C:\\\\Users\\\\Michael\\\\git\\\\MERNReview\\\\amazon-clone\\\\functions\\\\node_modules\\\\firebase-functions\\\\lib\\\\index.js\"}"}}
[debug] [2020-12-17T22:38:11.862Z] [runtime-status] [21664] Outgoing network have been stubbed. [{"name":"http","status":"mocked"},{"name":"http","status":"mocked"},{"name":"https","status":"mocked"},{"name":"https","status":"mocked"},{"name":"net","status":"mocked"}] {"metadata":{"emulator":{"name":"functions"},"message":"[runtime-status] [21664] Outgoing network have been stubbed. [{\"name\":\"http\",\"status\":\"mocked\"},{\"name\":\"http\",\"status\":\"mocked\"},{\"name\":\"https\",\"status\":\"mocked\"},{\"name\":\"https\",\"status\":\"mocked\"},{\"name\":\"net\",\"status\":\"mocked\"}]"}}
[debug] [2020-12-17T22:38:11.862Z] [runtime-status] [21664] Resolved module firebase-functions {"declared":true,"installed":true,"version":"3.13.0","resolution":"C:\\Users\\Michael\\git\\MERNReview\\amazon-clone\\functions\\node_modules\\firebase-functions\\lib\\index.js"} {"metadata":{"emulator":{"name":"functions"},"message":"[runtime-status] [21664] Resolved module firebase-functions {\"declared\":true,\"installed\":true,\"version\":\"3.13.0\",\"resolution\":\"C:\\\\Users\\\\Michael\\\\git\\\\MERNReview\\\\amazon-clone\\\\functions\\\\node_modules\\\\firebase-functions\\\\lib\\\\index.js\"}"}}
[debug] [2020-12-17T22:38:12.128Z] [runtime-status] [21664] Checked functions.config() {"config":{}} {"metadata":{"emulator":{"name":"functions"},"message":"[runtime-status] [21664] Checked functions.config() {\"config\":{}}"}}
[debug] [2020-12-17T22:38:12.128Z] [runtime-status] [21664] firebase-functions has been stubbed. {"functionsResolution":{"declared":true,"installed":true,"version":"3.13.0","resolution":"C:\\Users\\Michael\\git\\MERNReview\\amazon-clone\\functions\\node_modules\\firebase-functions\\lib\\index.js"}} {"metadata":{"emulator":{"name":"functions"},"message":"[runtime-status] [21664] firebase-functions has been stubbed. {\"functionsResolution\":{\"declared\":true,\"installed\":true,\"version\":\"3.13.0\",\"resolution\":\"C:\\\\Users\\\\Michael\\\\git\\\\MERNReview\\\\amazon-clone\\\\functions\\\\node_modules\\\\firebase-functions\\\\lib\\\\index.js\"}}"}}
[debug] [2020-12-17T22:38:12.129Z] [runtime-status] [21664] Resolved module firebase-functions {"declared":true,"installed":true,"version":"3.13.0","resolution":"C:\\Users\\Michael\\git\\MERNReview\\amazon-clone\\functions\\node_modules\\firebase-functions\\lib\\index.js"} {"metadata":{"emulator":{"name":"functions"},"message":"[runtime-status] [21664] Resolved module firebase-functions {\"declared\":true,\"installed\":true,\"version\":\"3.13.0\",\"resolution\":\"C:\\\\Users\\\\Michael\\\\git\\\\MERNReview\\\\amazon-clone\\\\functions\\\\node_modules\\\\firebase-functions\\\\lib\\\\index.js\"}"}}
[debug] [2020-12-17T22:38:12.129Z] [runtime-status] [21664] Resolved module firebase-admin {"declared":true,"installed":true,"version":"9.4.2","resolution":"C:\\Users\\Michael\\git\\MERNReview\\amazon-clone\\functions\\node_modules\\firebase-admin\\lib\\index.js"} {"metadata":{"emulator":{"name":"functions"},"message":"[runtime-status] [21664] Resolved module firebase-admin {\"declared\":true,\"installed\":true,\"version\":\"9.4.2\",\"resolution\":\"C:\\\\Users\\\\Michael\\\\git\\\\MERNReview\\\\amazon-clone\\\\functions\\\\node_modules\\\\firebase-admin\\\\lib\\\\index.js\"}"}}
[debug] [2020-12-17T22:38:12.129Z] [runtime-status] [21664] Resolved module firebase-functions {"declared":true,"installed":true,"version":"3.13.0","resolution":"C:\\Users\\Michael\\git\\MERNReview\\amazon-clone\\functions\\node_modules\\firebase-functions\\lib\\index.js"} {"metadata":{"emulator":{"name":"functions"},"message":"[runtime-status] [21664] Resolved module firebase-functions {\"declared\":true,\"installed\":true,\"version\":\"3.13.0\",\"resolution\":\"C:\\\\Users\\\\Michael\\\\git\\\\MERNReview\\\\amazon-clone\\\\functions\\\\node_modules\\\\firebase-functions\\\\lib\\\\index.js\"}"}}
[debug] [2020-12-17T22:38:12.129Z] [runtime-status] [21664] firebase-admin has been stubbed. {"adminResolution":{"declared":true,"installed":true,"version":"9.4.2","resolution":"C:\\Users\\Michael\\git\\MERNReview\\amazon-clone\\functions\\node_modules\\firebase-admin\\lib\\index.js"}} {"metadata":{"emulator":{"name":"functions"},"message":"[runtime-status] [21664] firebase-admin has been stubbed. {\"adminResolution\":{\"declared\":true,\"installed\":true,\"version\":\"9.4.2\",\"resolution\":\"C:\\\\Users\\\\Michael\\\\git\\\\MERNReview\\\\amazon-clone\\\\functions\\\\node_modules\\\\firebase-admin\\\\lib\\\\index.js\"}}"}}
[debug] [2020-12-17T22:38:13.173Z] [worker-~diagnostic~-3edfddf1-7e68-4f68-820f-ff70ee52e42b]: IDLE {"metadata":{"emulator":{"name":"functions"},"message":"[worker-~diagnostic~-3edfddf1-7e68-4f68-820f-ff70ee52e42b]: IDLE"}}
[debug] [2020-12-17T22:39:29.859Z] File C:\Users\Michael\git\MERNReview\amazon-clone\functions\index.js changed, reloading triggers {"metadata":{"emulator":{"name":"functions"},"message":"File C:\\Users\\Michael\\git\\MERNReview\\amazon-clone\\functions\\index.js changed, reloading triggers"}}
[debug] [2020-12-17T22:39:30.868Z] [worker-pool] Shutting down IDLE worker (~diagnostic~) {"metadata":{"emulator":{"name":"functions"},"message":"[worker-pool] Shutting down IDLE worker (~diagnostic~)"}}
[debug] [2020-12-17T22:39:30.869Z] [worker-~diagnostic~-3edfddf1-7e68-4f68-820f-ff70ee52e42b]: FINISHING {"metadata":{"emulator":{"name":"functions"},"message":"[worker-~diagnostic~-3edfddf1-7e68-4f68-820f-ff70ee52e42b]: FINISHING"}}
[debug] [2020-12-17T22:39:30.869Z] [worker-pool] Cleaned up workers for ~diagnostic~: 2 --> 1 {"metadata":{"emulator":{"name":"functions"},"message":"[worker-pool] Cleaned up workers for ~diagnostic~: 2 --> 1"}}
[debug] [2020-12-17T22:39:30.877Z] [worker-pool] addWorker(~diagnostic~) {"metadata":{"emulator":{"name":"functions"},"message":"[worker-pool] addWorker(~diagnostic~)"}}
[debug] [2020-12-17T22:39:30.877Z] [worker-pool] Adding worker with key ~diagnostic~, total=2 {"metadata":{"emulator":{"name":"functions"},"message":"[worker-pool] Adding worker with key ~diagnostic~, total=2"}}
[debug] [2020-12-17T22:39:30.877Z] [worker-pool] submitWork(triggerId=) {"metadata":{"emulator":{"name":"functions"},"message":"[worker-pool] submitWork(triggerId=)"}}
[debug] [2020-12-17T22:39:30.877Z] [worker-~diagnostic~-ea550f3a-2843-46c0-bbee-5ff97cf82e7e]: Assigning socketPath: \\?\pipe\C:\Users\Michael\git\MERNReview\amazon-clone\functions\6280 {"metadata":{"emulator":{"name":"functions"},"message":"[worker-~diagnostic~-ea550f3a-2843-46c0-bbee-5ff97cf82e7e]: Assigning socketPath: \\\\?\\pipe\\C:\\Users\\Michael\\git\\MERNReview\\amazon-clone\\functions\\6280"}}
[debug] [2020-12-17T22:39:30.877Z] [worker-~diagnostic~-ea550f3a-2843-46c0-bbee-5ff97cf82e7e]: BUSY {"metadata":{"emulator":{"name":"functions"},"message":"[worker-~diagnostic~-ea550f3a-2843-46c0-bbee-5ff97cf82e7e]: BUSY"}}
[debug] [2020-12-17T22:39:30.878Z] [worker-~diagnostic~-3edfddf1-7e68-4f68-820f-ff70ee52e42b]: exited {"metadata":{"emulator":{"name":"functions"},"message":"[worker-~diagnostic~-3edfddf1-7e68-4f68-820f-ff70ee52e42b]: exited"}}
[debug] [2020-12-17T22:39:30.878Z] [worker-~diagnostic~-3edfddf1-7e68-4f68-820f-ff70ee52e42b]: FINISHED {"metadata":{"emulator":{"name":"functions"},"message":"[worker-~diagnostic~-3edfddf1-7e68-4f68-820f-ff70ee52e42b]: FINISHED"}}
[debug] [2020-12-17T22:39:31.593Z] [runtime-status] [6280] Functions runtime initialized. {"cwd":"C:\\Users\\Michael\\git\\MERNReview\\amazon-clone\\functions","node_version":"12.16.1"} {"metadata":{"emulator":{"name":"functions"},"message":"[runtime-status] [6280] Functions runtime initialized. {\"cwd\":\"C:\\\\Users\\\\Michael\\\\git\\\\MERNReview\\\\amazon-clone\\\\functions\",\"node_version\":\"12.16.1\"}"}}
[debug] [2020-12-17T22:39:31.605Z] [runtime-status] [6280] Disabled runtime features: undefined {"metadata":{"emulator":{"name":"functions"},"message":"[runtime-status] [6280] Disabled runtime features: undefined"}}
[debug] [2020-12-17T22:39:31.611Z] [runtime-status] [6280] Resolved module firebase-admin {"declared":true,"installed":true,"version":"9.4.2","resolution":"C:\\Users\\Michael\\git\\MERNReview\\amazon-clone\\functions\\node_modules\\firebase-admin\\lib\\index.js"} {"metadata":{"emulator":{"name":"functions"},"message":"[runtime-status] [6280] Resolved module firebase-admin {\"declared\":true,\"installed\":true,\"version\":\"9.4.2\",\"resolution\":\"C:\\\\Users\\\\Michael\\\\git\\\\MERNReview\\\\amazon-clone\\\\functions\\\\node_modules\\\\firebase-admin\\\\lib\\\\index.js\"}"}}
[debug] [2020-12-17T22:39:31.621Z] [runtime-status] [6280] Resolved module firebase-functions {"declared":true,"installed":true,"version":"3.13.0","resolution":"C:\\Users\\Michael\\git\\MERNReview\\amazon-clone\\functions\\node_modules\\firebase-functions\\lib\\index.js"} {"metadata":{"emulator":{"name":"functions"},"message":"[runtime-status] [6280] Resolved module firebase-functions {\"declared\":true,\"installed\":true,\"version\":\"3.13.0\",\"resolution\":\"C:\\\\Users\\\\Michael\\\\git\\\\MERNReview\\\\amazon-clone\\\\functions\\\\node_modules\\\\firebase-functions\\\\lib\\\\index.js\"}"}}
[debug] [2020-12-17T22:39:31.623Z] [runtime-status] [6280] Resolved module firebase-functions {"declared":true,"installed":true,"version":"3.13.0","resolution":"C:\\Users\\Michael\\git\\MERNReview\\amazon-clone\\functions\\node_modules\\firebase-functions\\lib\\index.js"} {"metadata":{"emulator":{"name":"functions"},"message":"[runtime-status] [6280] Resolved module firebase-functions {\"declared\":true,\"installed\":true,\"version\":\"3.13.0\",\"resolution\":\"C:\\\\Users\\\\Michael\\\\git\\\\MERNReview\\\\amazon-clone\\\\functions\\\\node_modules\\\\firebase-functions\\\\lib\\\\index.js\"}"}}
[debug] [2020-12-17T22:39:31.626Z] [runtime-status] [6280] Outgoing network have been stubbed. [{"name":"http","status":"mocked"},{"name":"http","status":"mocked"},{"name":"https","status":"mocked"},{"name":"https","status":"mocked"},{"name":"net","status":"mocked"}] {"metadata":{"emulator":{"name":"functions"},"message":"[runtime-status] [6280] Outgoing network have been stubbed. [{\"name\":\"http\",\"status\":\"mocked\"},{\"name\":\"http\",\"status\":\"mocked\"},{\"name\":\"https\",\"status\":\"mocked\"},{\"name\":\"https\",\"status\":\"mocked\"},{\"name\":\"net\",\"status\":\"mocked\"}]"}}
[debug] [2020-12-17T22:39:31.628Z] [runtime-status] [6280] Resolved module firebase-functions {"declared":true,"installed":true,"version":"3.13.0","resolution":"C:\\Users\\Michael\\git\\MERNReview\\amazon-clone\\functions\\node_modules\\firebase-functions\\lib\\index.js"} {"metadata":{"emulator":{"name":"functions"},"message":"[runtime-status] [6280] Resolved module firebase-functions {\"declared\":true,\"installed\":true,\"version\":\"3.13.0\",\"resolution\":\"C:\\\\Users\\\\Michael\\\\git\\\\MERNReview\\\\amazon-clone\\\\functions\\\\node_modules\\\\firebase-functions\\\\lib\\\\index.js\"}"}}
[debug] [2020-12-17T22:39:31.893Z] [runtime-status] [6280] Checked functions.config() {"config":{}} {"metadata":{"emulator":{"name":"functions"},"message":"[runtime-status] [6280] Checked functions.config() {\"config\":{}}"}}
[debug] [2020-12-17T22:39:31.894Z] [runtime-status] [6280] firebase-functions has been stubbed. {"functionsResolution":{"declared":true,"installed":true,"version":"3.13.0","resolution":"C:\\Users\\Michael\\git\\MERNReview\\amazon-clone\\functions\\node_modules\\firebase-functions\\lib\\index.js"}} {"metadata":{"emulator":{"name":"functions"},"message":"[runtime-status] [6280] firebase-functions has been stubbed. {\"functionsResolution\":{\"declared\":true,\"installed\":true,\"version\":\"3.13.0\",\"resolution\":\"C:\\\\Users\\\\Michael\\\\git\\\\MERNReview\\\\amazon-clone\\\\functions\\\\node_modules\\\\firebase-functions\\\\lib\\\\index.js\"}}"}}
[debug] [2020-12-17T22:39:31.895Z] [runtime-status] [6280] Resolved module firebase-functions {"declared":true,"installed":true,"version":"3.13.0","resolution":"C:\\Users\\Michael\\git\\MERNReview\\amazon-clone\\functions\\node_modules\\firebase-functions\\lib\\index.js"} {"metadata":{"emulator":{"name":"functions"},"message":"[runtime-status] [6280] Resolved module firebase-functions {\"declared\":true,\"installed\":true,\"version\":\"3.13.0\",\"resolution\":\"C:\\\\Users\\\\Michael\\\\git\\\\MERNReview\\\\amazon-clone\\\\functions\\\\node_modules\\\\firebase-functions\\\\lib\\\\index.js\"}"}}
[debug] [2020-12-17T22:39:31.901Z] [runtime-status] [6280] Resolved module firebase-admin {"declared":true,"installed":true,"version":"9.4.2","resolution":"C:\\Users\\Michael\\git\\MERNReview\\amazon-clone\\functions\\node_modules\\firebase-admin\\lib\\index.js"} {"metadata":{"emulator":{"name":"functions"},"message":"[runtime-status] [6280] Resolved module firebase-admin {\"declared\":true,\"installed\":true,\"version\":\"9.4.2\",\"resolution\":\"C:\\\\Users\\\\Michael\\\\git\\\\MERNReview\\\\amazon-clone\\\\functions\\\\node_modules\\\\firebase-admin\\\\lib\\\\index.js\"}"}}
[debug] [2020-12-17T22:39:31.904Z] [runtime-status] [6280] Resolved module firebase-functions {"declared":true,"installed":true,"version":"3.13.0","resolution":"C:\\Users\\Michael\\git\\MERNReview\\amazon-clone\\functions\\node_modules\\firebase-functions\\lib\\index.js"} {"metadata":{"emulator":{"name":"functions"},"message":"[runtime-status] [6280] Resolved module firebase-functions {\"declared\":true,\"installed\":true,\"version\":\"3.13.0\",\"resolution\":\"C:\\\\Users\\\\Michael\\\\git\\\\MERNReview\\\\amazon-clone\\\\functions\\\\node_modules\\\\firebase-functions\\\\lib\\\\index.js\"}"}}
[debug] [2020-12-17T22:39:31.904Z] [runtime-status] [6280] firebase-admin has been stubbed. {"adminResolution":{"declared":true,"installed":true,"version":"9.4.2","resolution":"C:\\Users\\Michael\\git\\MERNReview\\amazon-clone\\functions\\node_modules\\firebase-admin\\lib\\index.js"}} {"metadata":{"emulator":{"name":"functions"},"message":"[runtime-status] [6280] firebase-admin has been stubbed. {\"adminResolution\":{\"declared\":true,\"installed\":true,\"version\":\"9.4.2\",\"resolution\":\"C:\\\\Users\\\\Michael\\\\git\\\\MERNReview\\\\amazon-clone\\\\functions\\\\node_modules\\\\firebase-admin\\\\lib\\\\index.js\"}}"}}
[debug] [2020-12-17T22:39:32.560Z] [worker-~diagnostic~-ea550f3a-2843-46c0-bbee-5ff97cf82e7e]: IDLE {"metadata":{"emulator":{"name":"functions"},"message":"[worker-~diagnostic~-ea550f3a-2843-46c0-bbee-5ff97cf82e7e]: IDLE"}}
[debug] [2020-12-17T22:40:15.094Z] File C:\Users\Michael\git\MERNReview\amazon-clone\functions\index.js changed, reloading triggers {"metadata":{"emulator":{"name":"functions"},"message":"File C:\\Users\\Michael\\git\\MERNReview\\amazon-clone\\functions\\index.js changed, reloading triggers"}}
